\BOOKMARK [1][-]{section.1}{Introduction}{}
\BOOKMARK [1][-]{section.2}{OPAL-T \046 Astra}{}
\BOOKMARK [2][-]{subsection.2.1}{Initial Conditions}{section.2}
\BOOKMARK [3][-]{subsubsection.2.1.1}{Undocumented Astra Switch}{subsection.2.1}
\BOOKMARK [3][-]{subsubsection.2.1.2}{Autophasing}{subsection.2.1}
\BOOKMARK [2][-]{subsection.2.2}{Simulations without space charge}{section.2}
\BOOKMARK [2][-]{subsection.2.3}{Adjusting the Phases}{section.2}
\BOOKMARK [2][-]{subsection.2.4}{Energy profile and energy spread for the Q=200 pC case}{section.2}
\BOOKMARK [3][-]{subsubsection.2.4.1}{RMS Beam Sizes \(upper left and right\) and Normalized Emittances \(lower left and right\) }{subsection.2.4}
\BOOKMARK [1][-]{section.3}{OPAL-t \040\046 OPAL-e }{}
\BOOKMARK [1][-]{section.4}{OPAL-T \046 IMPACT-T}{}
\BOOKMARK [2][-]{subsection.4.1}{Drift Test}{section.4}
\BOOKMARK [2][-]{subsection.4.2}{Gun Test}{section.4}
\BOOKMARK [3][-]{subsubsection.4.2.1}{Gun Test without Space Charge}{subsection.4.2}
\BOOKMARK [3][-]{subsubsection.4.2.2}{Gun Test with Space Charge}{subsection.4.2}
\BOOKMARK [1][-]{section.5}{Parallel Efficiency}{}
\BOOKMARK [2][-]{subsection.5.1}{OPAL \046 Astra}{section.5}
\BOOKMARK [1][-]{section.6}{Discussion}{}
\BOOKMARK [1][-]{appendix.A}{Input Files}{}
\BOOKMARK [2][-]{subsection.A.1}{Drift Test: opal-drift1.in}{appendix.A}
\BOOKMARK [2][-]{subsection.A.2}{Gun Test: Gun-test-1.in Gun-test-2.in}{appendix.A}
\BOOKMARK [2][-]{subsection.A.3}{External Field Test: opal-valid.in}{appendix.A}
\BOOKMARK [1][-]{appendix.B}{IMPACT-T Input Files}{}
\BOOKMARK [2][-]{subsection.B.1}{Drift Test}{appendix.B}
\BOOKMARK [2][-]{subsection.B.2}{Gun Test}{appendix.B}
\BOOKMARK [2][-]{subsection.B.3}{External Field Test}{appendix.B}
\BOOKMARK [1][-]{appendix.C}{Implementation of the Thermal Emittance and the Emission Model}{}
\BOOKMARK [2][-]{subsection.C.1}{Basic theory}{appendix.C}
\BOOKMARK [3][-]{subsubsection.C.1.1}{A simple model for semiconductors: the case of Cs2Te}{subsection.C.1}
\BOOKMARK [3][-]{subsubsection.C.1.2}{The simple model: comparison OPAL / ASTRA}{subsection.C.1}
\BOOKMARK [3][-]{subsubsection.C.1.3}{The advanced model for metals}{subsection.C.1}
