 # Detector n:  1  piCurrUD  (integrated over solid angle)
 # N. of energy intervals 144
  0.000E+00  5.000E-04  1.000E-02  1.265E+01
  5.000E-04  1.000E-03  8.400E-03  2.428E+01
  1.000E-03  1.500E-03  3.600E-03  3.685E+01
  1.500E-03  2.000E-03  7.200E-03  3.118E+01
  2.000E-03  2.500E-03  1.000E-02  2.098E+01
  2.500E-03  3.000E-03  6.800E-03  1.500E+01
  3.000E-03  3.500E-03  6.000E-03  1.054E+01
  3.500E-03  4.000E-03  6.400E-03  3.480E+01
  4.000E-03  4.500E-03  6.400E-03  3.030E+01
  4.500E-03  5.000E-03  6.400E-03  2.688E+01
  5.000E-03  5.500E-03  6.800E-03  3.028E+01
  5.500E-03  6.000E-03  6.400E-03  1.531E+01
  6.000E-03  6.500E-03  7.200E-03  1.884E+01
  6.500E-03  7.000E-03  7.600E-03  2.684E+01
  7.000E-03  7.500E-03  5.600E-03  2.369E+01
  7.500E-03  8.000E-03  6.400E-03  6.250E+00
  8.000E-03  8.500E-03  7.200E-03  1.111E+01
  8.500E-03  9.000E-03  5.200E-03  3.960E+01
  9.000E-03  9.500E-03  3.200E-03  3.750E+01
  9.500E-03  1.000E-02  7.200E-03  1.884E+01
  1.000E-02  1.050E-02  1.360E-02  8.575E+00
  1.050E-02  1.100E-02  9.600E-03  2.125E+01
  1.100E-02  1.150E-02  1.080E-02  2.386E+01
  1.150E-02  1.200E-02  1.160E-02  6.451E+00
  1.200E-02  1.250E-02  1.240E-02  1.387E+01
  1.250E-02  1.300E-02  1.440E-02  1.608E+01
  1.300E-02  1.350E-02  1.120E-02  1.451E+01
  1.350E-02  1.400E-02  1.400E-02  7.825E+00
  1.400E-02  1.450E-02  1.160E-02  1.580E+01
  1.450E-02  1.500E-02  1.480E-02  3.310E+00
  1.500E-02  1.550E-02  1.440E-02  1.483E+01
  1.550E-02  1.600E-02  1.320E-02  1.560E+01
  1.600E-02  1.650E-02  1.400E-02  1.863E+01
  1.650E-02  1.700E-02  1.640E-02  1.905E+01
  1.700E-02  1.750E-02  2.120E-02  9.713E+00
  1.750E-02  1.800E-02  1.480E-02  1.688E+01
  1.800E-02  1.850E-02  2.200E-02  1.286E+01
  1.850E-02  1.900E-02  1.640E-02  1.654E+01
  1.900E-02  1.950E-02  1.520E-02  1.794E+01
  1.950E-02  2.000E-02  1.960E-02  2.025E+01
  2.000E-02  2.050E-02  2.040E-02  1.256E+01
  2.050E-02  2.100E-02  1.800E-02  9.296E+00
  2.100E-02  2.150E-02  2.040E-02  5.717E+00
  2.150E-02  2.200E-02  2.200E-02  1.037E+01
  2.200E-02  2.250E-02  1.160E-02  2.693E+01
  2.250E-02  2.300E-02  1.800E-02  1.892E+01
  2.300E-02  2.350E-02  2.120E-02  1.623E+01
  2.350E-02  2.400E-02  1.760E-02  8.351E+00
  2.400E-02  2.450E-02  2.440E-02  5.437E+00
  2.450E-02  2.500E-02  1.920E-02  7.065E+00
  2.500E-02  2.550E-02  2.080E-02  2.076E+01
  2.550E-02  2.600E-02  1.800E-02  2.222E+01
  2.600E-02  2.650E-02  2.240E-02  1.366E+01
  2.650E-02  2.700E-02  2.120E-02  1.509E+01
  2.700E-02  2.750E-02  2.200E-02  1.113E+01
  2.750E-02  2.800E-02  1.680E-02  1.282E+01
  2.800E-02  2.850E-02  2.160E-02  2.079E+01
  2.850E-02  2.900E-02  3.000E-02  1.174E+01
  2.900E-02  2.950E-02  1.920E-02  1.072E+01
  2.950E-02  3.000E-02  2.160E-02  1.186E+01
  3.000E-02  3.050E-02  2.520E-02  6.448E+00
  3.050E-02  3.100E-02  2.320E-02  1.042E+01
  3.100E-02  3.150E-02  2.400E-02  1.087E+01
  3.150E-02  3.200E-02  2.080E-02  1.311E+01
  3.200E-02  3.250E-02  2.120E-02  1.449E+01
  3.250E-02  3.300E-02  2.400E-02  1.208E+01
  3.300E-02  3.350E-02  2.920E-02  9.341E+00
  3.350E-02  3.400E-02  3.320E-02  7.992E+00
  3.400E-02  3.450E-02  2.960E-02  9.165E+00
  3.450E-02  3.500E-02  2.840E-02  1.627E+01
  3.500E-02  3.550E-02  3.360E-02  1.055E+01
  3.550E-02  3.600E-02  2.400E-02  1.581E+01
  3.600E-02  3.650E-02  3.480E-02  1.494E+01
  3.650E-02  3.700E-02  2.560E-02  8.700E+00
  3.700E-02  3.750E-02  3.320E-02  1.137E+01
  3.750E-02  3.800E-02  3.320E-02  7.025E+00
  3.800E-02  3.850E-02  3.480E-02  1.367E+01
  3.850E-02  3.900E-02  3.600E-02  7.244E+00
  3.900E-02  3.950E-02  2.640E-02  8.436E+00
  3.950E-02  4.000E-02  2.400E-02  9.860E+00
  4.000E-02  4.050E-02  2.960E-02  1.408E+01
  4.050E-02  4.100E-02  3.080E-02  7.846E+00
  4.100E-02  4.150E-02  3.240E-02  9.838E+00
  4.150E-02  4.200E-02  3.600E-02  1.712E+01
  4.200E-02  4.250E-02  4.040E-02  1.165E+01
  4.250E-02  4.300E-02  3.720E-02  8.259E+00
  4.300E-02  4.350E-02  3.480E-02  9.195E+00
  4.350E-02  4.400E-02  4.240E-02  7.060E+00
  4.400E-02  4.450E-02  4.000E-02  1.628E+01
  4.450E-02  4.500E-02  5.480E-02  8.210E+00
  4.500E-02  4.550E-02  3.960E-02  1.405E+01
  4.550E-02  4.600E-02  4.720E-02  1.008E+01
  4.600E-02  4.650E-02  5.400E-02  8.446E+00
  4.650E-02  4.700E-02  4.440E-02  8.108E+00
  4.700E-02  4.750E-02  4.080E-02  8.851E+00
  4.750E-02  4.800E-02  4.760E-02  1.138E+01
  4.800E-02  4.850E-02  5.320E-02  5.652E+00
  4.850E-02  4.900E-02  4.960E-02  1.062E+01
  4.900E-02  4.950E-02  4.960E-02  6.426E+00
  4.950E-02  5.000E-02  2.760E-02  7.737E+00
  5.000E-02  5.050E-02  4.040E-02  1.133E+01
  5.050E-02  5.100E-02  3.880E-02  1.182E+01
  5.100E-02  5.150E-02  4.240E-02  1.278E+01
  5.150E-02  5.200E-02  4.560E-02  7.647E+00
  5.200E-02  5.250E-02  5.360E-02  7.773E+00
  5.250E-02  5.300E-02  5.160E-02  1.092E+01
  5.300E-02  5.350E-02  5.240E-02  7.181E+00
  5.350E-02  5.400E-02  6.320E-02  8.408E+00
  5.400E-02  5.450E-02  6.040E-02  4.844E+00
  5.450E-02  5.500E-02  6.640E-02  6.275E+00
  5.500E-02  5.550E-02  6.560E-02  1.330E+01
  5.550E-02  5.600E-02  6.680E-02  8.760E+00
  5.600E-02  5.650E-02  7.160E-02  5.819E+00
  5.650E-02  5.700E-02  7.040E-02  1.131E+01
  5.700E-02  5.750E-02  7.800E-02  9.029E+00
  5.750E-02  5.800E-02  7.160E-02  5.545E+00
  5.800E-02  5.850E-02  8.160E-02  1.179E+01
  5.850E-02  5.900E-02  7.520E-02  5.803E+00
  5.900E-02  5.950E-02  7.760E-02  6.066E+00
  5.950E-02  6.000E-02  8.720E-02  2.575E+00
  6.000E-02  6.050E-02  9.360E-02  5.547E+00
  6.050E-02  6.100E-02  9.160E-02  9.092E+00
  6.100E-02  6.150E-02  6.760E-02  5.722E+00
  6.150E-02  6.200E-02  5.160E-02  6.298E+00
  6.200E-02  6.250E-02  8.160E-02  4.130E+00
  6.250E-02  6.300E-02  9.040E-02  5.994E+00
  6.300E-02  6.350E-02  8.520E-02  7.556E+00
  6.350E-02  6.400E-02  8.960E-02  4.961E+00
  6.400E-02  6.450E-02  9.680E-02  7.205E+00
  6.450E-02  6.500E-02  9.680E-02  6.650E+00
  6.500E-02  6.550E-02  1.056E-01  7.247E+00
  6.550E-02  6.600E-02  1.100E-01  5.947E+00
  6.600E-02  6.650E-02  9.920E-02  5.724E+00
  6.650E-02  6.700E-02  1.076E-01  5.400E+00
  6.700E-02  6.750E-02  7.440E-02  6.552E+00
  6.750E-02  6.800E-02  7.200E-02  7.607E+00
  6.800E-02  6.850E-02  8.440E-02  5.104E+00
  6.850E-02  6.900E-02  8.360E-02  9.759E+00
  6.900E-02  6.950E-02  7.240E-02  7.978E+00
  6.950E-02  7.000E-02  6.800E-02  7.204E+00
  7.000E-02  7.050E-02  6.480E-02  4.841E+00
  7.050E-02  7.100E-02  3.280E-02  1.513E+01
  7.100E-02  7.150E-02  2.760E-02  8.993E+00
  7.150E-02  7.200E-02  3.294E+02  4.706E-02
