  **** collimator_usrbdx_50 ****

  
 Cu collimator 72 MeV proton                                                     

  Total primaries run:        15000000
   Total weight of the primaries run:  15000000.


  Detector n:  1( 1)  scatcurr  
     (Area:           1. cmq,
      distr. scored: 1   ,
      from reg. 4 to  5,
      one way scoring,
      current scoring)

     Tot. resp. (Part/cmq/pr)  0.1673269      +/-  2.5578644E-02 %
     ( -->      (Part/pr)      0.1673269      +/-  2.5578644E-02 % )

  **** Different. Fluxes as a function of energy ****
  ****      (integrated over solid angle)        ****


  Energy boundaries (GeV):

  7.1999997E-02
  Lowest boundary   (GeV):   0.000000    

  Flux (Part/GeV/cmq/pr):

   2.323985     +/-   2.5578644E-02 % 


  **** Cumulative Fluxes as a function of energy ****
  ****      (integrated over solid angle)        ****


  Energy boundaries (GeV):

  7.1999997E-02
  Lowest boundary   (GeV):   0.000000    

  Cumul. Flux (Part/cmq/pr):

  0.1673269     +/-   2.5578644E-02 % 

  **** Double diff. Fluxes as a function of energy ****


  Solid angle minimum value (sr):   0.000000    

  Solid angle upper boundaries (sr):

  2.0000001E-03  4.0000002E-03  6.0000001E-03  8.0000004E-03  1.0000001E-02
  1.2000000E-02  1.4000000E-02  1.6000001E-02  1.8000001E-02  2.0000001E-02
  2.2000002E-02  2.4000000E-02  2.6000001E-02  2.8000001E-02  3.0000001E-02
  3.2000002E-02  3.4000002E-02  3.6000002E-02  3.8000003E-02  4.0000003E-02
  4.2000003E-02  4.4000003E-02  4.6000004E-02  4.8000000E-02  5.0000001E-02
  5.2000001E-02  5.4000001E-02  5.6000002E-02  5.8000002E-02  6.0000002E-02
  6.2000003E-02  6.4000003E-02  6.6000000E-02  6.8000004E-02  7.0000000E-02
  7.2000004E-02  7.4000001E-02  7.6000005E-02  7.8000002E-02  8.0000006E-02
  8.2000002E-02  8.4000006E-02  8.6000003E-02  8.8000007E-02  9.0000004E-02
  9.2000008E-02  9.4000004E-02  9.6000001E-02  9.8000005E-02  0.1000000    
  0.1020000      0.1040000      0.1060000      0.1080000      0.1100000    
  0.1120000      0.1140000      0.1160000      0.1180000      0.1200000    
  0.1220000      0.1240000      0.1260000      0.1280000      0.1300000    
  0.1320000      0.1340000      0.1360000      0.1380000      0.1400000    
  0.1420000      0.1440000      0.1460000      0.1480000      0.1500000    
  0.1520000      0.1540000      0.1560000      0.1580000      0.1600000    
  0.1620000      0.1640000      0.1660000      0.1680000      0.1700000    
  0.1720000      0.1740000      0.1760000      0.1780000      0.1800000    
  0.1820000      0.1840000      0.1860000      0.1880000      0.1900000    
  0.1920000      0.1940000      0.1960000      0.1980000      0.2000000    
  0.2020000      0.2040000      0.2060000      0.2080000      0.2100000    
  0.2120000      0.2140000      0.2160000      0.2180000      0.2200000    
  0.2220000      0.2240000      0.2260000      0.2280000      0.2300000    
  0.2320000      0.2340000      0.2360000      0.2380000      0.2400000    
  0.2420000      0.2440000      0.2460000      0.2480000      0.2500000    
  0.2520000      0.2540000      0.2560000      0.2580000      0.2600000    
  0.2620000      0.2640000      0.2660000      0.2680000      0.2700000    
  0.2720000      0.2740000      0.2760000      0.2780000      0.2800000    
  0.2820000      0.2840000      0.2860000      0.2880000      0.2900000    
  0.2920000      0.2940000      0.2960000      0.2980000      0.3000000    
  0.3020000      0.3040000      0.3060000      0.3080000      0.3100000    
  0.3120000      0.3140000      0.3160000      0.3180000      0.3200000    
  0.3220000      0.3240000      0.3260000      0.3280000      0.3300000    
  0.3320000      0.3340000      0.3360000      0.3380000      0.3400000    
  0.3420000      0.3440000      0.3460000      0.3480000      0.3500000    
  0.3520000      0.3540000      0.3560000      0.3580000      0.3600000    
  0.3620000      0.3640000      0.3660000      0.3680000      0.3700000    
  0.3720000      0.3740000      0.3760000      0.3780000      0.3800000    
  0.3820000      0.3840000      0.3860000      0.3880000      0.3900000    
  0.3920000      0.3940000      0.3960000      0.3980000      0.4000000    
  0.4020000      0.4040000      0.4060000      0.4080000      0.4100000    
  0.4120000      0.4140000      0.4160000      0.4180000      0.4200000    
  0.4220000      0.4240000      0.4260000      0.4280000      0.4300000    
  0.4320000      0.4340000      0.4360000      0.4380000      0.4400000    
  0.4420000      0.4440000      0.4460000      0.4480000      0.4500000    
  0.4520000      0.4540000      0.4560000      0.4580000      0.4600000    
  0.4620000      0.4640000      0.4660000      0.4680000      0.4700000    
  0.4720000      0.4740000      0.4760000      0.4780000      0.4800000    
  0.4820000      0.4840000      0.4860000      0.4880000      0.4900000    
  0.4920000      0.4940000      0.4960000      0.4980000      0.5000000    

  Angular minimum value (deg.):   0.000000    

  Angular upper boundaries (deg.):

   1.445687       2.044564       2.504136       2.891604       3.232997    
   3.541665       3.825537       4.089779       4.337981       4.572755    
   4.796073       5.009469       5.214159       5.411132       5.601202    
   5.785051       5.963252       6.136299       6.304615       6.468571    
   6.628489       6.784656       6.937323       7.086718       7.233044    
   7.376483       7.517200       7.655345       7.791056       7.924457    
   8.055663       8.184780       8.311904       8.437127       8.560532    
   8.682195       8.802189       8.920583       9.037437       9.152813    
   9.266763       9.379342       9.490597       9.600574       9.709317    
   9.816868       9.923264       10.02854       10.13274       10.23588    
   10.33801       10.43915       10.53933       10.63858       10.73692    
   10.83438       10.93098       11.02674       11.12169       11.21584    
   11.30923       11.40185       11.49374       11.58491       11.67538    
   11.76516       11.85427       11.94273       12.03055       12.11773    
   12.20431       12.29028       12.37567       12.46048       12.54472    
   12.62842       12.71157       12.79419       12.87628       12.95787    
   13.03895       13.11955       13.19965       13.27929       13.35845    
   13.43716       13.51542       13.59324       13.67062       13.74758    
   13.82411       13.90024       13.97595       14.05127       14.12619    
   14.20072       14.27488       14.34865       14.42206       14.49511    
   14.56779       14.64013       14.71211       14.78376       14.85506    
   14.92603       14.99668       15.06699       15.13700       15.20668    
   15.27606       15.34513       15.41389       15.48236       15.55054    
   15.61842       15.68602       15.75333       15.82037       15.88713    
   15.95362       16.01984       16.08579       16.15149       16.21692    
   16.28209       16.34702       16.41169       16.47612       16.54030    
   16.60424       16.66795       16.73142       16.79465       16.85765    
   16.92043       16.98298       17.04531       17.10742       17.16931    
   17.23098       17.29245       17.35370       17.41474       17.47557    
   17.53620       17.59663       17.65686       17.71689       17.77672    
   17.83636       17.89581       17.95506       18.01413       18.07301    
   18.13171       18.19022       18.24855       18.30670       18.36468    
   18.42248       18.48010       18.53755       18.59483       18.65194    
   18.70888       18.76566       18.82227       18.87872       18.93500    
   18.99112       19.04709       19.10289       19.15854       19.21404    
   19.26938       19.32457       19.37960       19.43449       19.48923    
   19.54382       19.59827       19.65257       19.70672       19.76074    
   19.81461       19.86834       19.92194       19.97539       20.02871    
   20.08189       20.13494       20.18785       20.24064       20.29329    
   20.34581       20.39820       20.45046       20.50259       20.55460    
   20.60648       20.65824       20.70988       20.76139       20.81277    
   20.86404       20.91519       20.96622       21.01713       21.06792    
   21.11860       21.16916       21.21961       21.26994       21.32016    
   21.37026       21.42026       21.47014       21.51991       21.56958    
   21.61913       21.66858       21.71792       21.76715       21.81628    
   21.86530       21.91422       21.96303       22.01175       22.06035    
   22.10886       22.15727       22.20558       22.25378       22.30189    
   22.34990       22.39782       22.44563       22.49335       22.54097    
   22.58850       22.63593       22.68328       22.73052       22.77767    
   22.82474       22.87170       22.91858       22.96537       23.01207    


  Energy interval (GeV):  7.1999997E-02   0.000000    

  Flux (Part/sr/GeV/cmq/pr):

   1146.562     +/-   3.0860431E-02 %    3.267593     +/-   0.6859564     % 
   3.025000     +/-    1.140523     %    2.549074     +/-    1.435085     % 
   2.158796     +/-    1.041042     %    1.695833     +/-    1.361310     % 
   1.179630     +/-    1.907192     %   0.4203704     +/-    1.421088     % 
  0.1111111     +/-    10.05626     %   9.4907403E-02 +/-    6.313258     % 
  7.6388888E-02 +/-    3.951031     %   6.5277778E-02 +/-    3.948769     % 
  6.8055555E-02 +/-    4.761904     %   4.3981481E-02 +/-    7.254763     % 
  5.5092592E-02 +/-    10.32622     %   4.3518517E-02 +/-    5.157106     % 
  3.1481482E-02 +/-    5.973558     %   3.9814815E-02 +/-    8.505080     % 
  2.6851851E-02 +/-    11.10698     %   3.4722224E-02 +/-    10.95445     % 
  2.5925925E-02 +/-    18.81367     %   2.9629631E-02 +/-    14.27786     % 
  2.3148149E-02 +/-    12.24745     %   2.0833334E-02 +/-    20.18434     % 
  2.1759259E-02 +/-    13.28723     %   1.7592592E-02 +/-    11.47079     % 
  1.9444445E-02 +/-    14.86904     %   1.6203703E-02 +/-    12.77753     % 
  1.4351851E-02 +/-    9.404761     %   1.3425926E-02 +/-    31.50977     % 
  1.1574074E-02 +/-    22.80351     %   1.1574075E-02 +/-    17.88854     % 
  1.4351852E-02 +/-    13.87472     %   1.2962963E-02 +/-    16.56003     % 
  9.7222226E-03 +/-    13.88322     %   7.8703705E-03 +/-    19.94803     % 
  9.2592593E-03 +/-    22.36068     %   6.0185185E-03 +/-    31.24630     % 
  7.4074073E-03 +/-    20.72890     %   5.5555557E-03 +/-    25.00000     % 
  5.5555557E-03 +/-    21.24591     %   6.4814817E-03 +/-    34.62629     % 
  6.9444445E-03 +/-    18.25742     %   6.4814817E-03 +/-    13.36306     % 
  3.7037036E-03 +/-    54.48624     %   5.0925924E-03 +/-    17.00753     % 
  4.1666669E-03 +/-    20.78699     %   6.0185185E-03 +/-    35.66776     % 
  5.0925924E-03 +/-    26.50433     %   4.6296297E-03 +/-    27.38613     % 
  4.1666669E-03 +/-    20.78699     %   5.5555557E-03 +/-    10.20621     % 
  4.6296297E-03 +/-    27.38613     %   6.0185185E-03 +/-    39.59858     % 
  2.3148148E-03 +/-    44.72136     %   2.3148148E-03 +/-    54.77225     % 
  9.2592591E-04 +/-    61.23724     %   3.2407409E-03 +/-    17.49636     % 
  9.2592591E-04 +/-    61.23724     %   1.3888889E-03 +/-    40.82483     % 
  9.2592591E-04 +/-    61.23724     %   1.8518518E-03 +/-    25.00000     % 
  1.8518518E-03 +/-    25.00000     %   1.3888889E-03 +/-    40.82483     % 
  4.6296295E-04 +/-    99.00000     %   1.3888889E-03 +/-    40.82483     % 
  2.7777778E-03 +/-    48.59127     %   3.7037036E-03 +/-    42.38956     % 
  1.3888889E-03 +/-    40.82483     %   4.6296295E-04 +/-    99.00000     % 
  2.7777778E-03 +/-    40.82483     %   9.2592591E-04 +/-    61.23724     % 
  1.3888889E-03 +/-    66.66666     %   1.3888889E-03 +/-    66.66666     % 
  9.2592591E-04 +/-    99.00000     %   4.6296295E-04 +/-    99.00000     % 
  9.2592591E-04 +/-    61.23724     %   9.2592591E-04 +/-    61.23724     % 
  9.2592591E-04 +/-    61.23724     %   9.2592591E-04 +/-    61.23724     % 
  4.6296295E-04 +/-    99.00000     %   4.6296295E-04 +/-    99.00000     % 
  4.6296295E-04 +/-    99.00000     %   1.3888889E-03 +/-    40.82483     % 
   0.000000     +/-    0.000000     %    0.000000     +/-    0.000000     % 
   0.000000     +/-    0.000000     %    0.000000     +/-    0.000000     % 
  1.3888889E-03 +/-    40.82483     %   1.3888889E-03 +/-    99.00000     % 
   0.000000     +/-    0.000000     %   4.6296295E-04 +/-    99.00000     % 
  4.6296295E-04 +/-    99.00000     %   1.3888889E-03 +/-    40.82483     % 
  1.3888889E-03 +/-    66.66666     %    0.000000     +/-    0.000000     % 
  4.6296295E-04 +/-    99.00000     %   4.6296295E-04 +/-    99.00000     % 
  9.2592591E-04 +/-    61.23724     %   4.6296295E-04 +/-    99.00000     % 
  4.6296295E-04 +/-    99.00000     %   9.2592591E-04 +/-    61.23724     % 
  4.6296295E-04 +/-    99.00000     %    0.000000     +/-    0.000000     % 
  4.6296295E-04 +/-    99.00000     %    0.000000     +/-    0.000000     % 
   0.000000     +/-    0.000000     %    0.000000     +/-    0.000000     % 
  4.6296295E-04 +/-    99.00000     %    0.000000     +/-    0.000000     % 
  4.6296295E-04 +/-    99.00000     %   4.6296295E-04 +/-    99.00000     % 
   0.000000     +/-    0.000000     %    0.000000     +/-    0.000000     % 
  4.6296295E-04 +/-    99.00000     %    0.000000     +/-    0.000000     % 
   0.000000     +/-    0.000000     %    0.000000     +/-    0.000000     % 
  1.3888889E-03 +/-    99.00000     %    0.000000     +/-    0.000000     % 
  4.6296295E-04 +/-    99.00000     %   4.6296295E-04 +/-    99.00000     % 
   0.000000     +/-    0.000000     %    0.000000     +/-    0.000000     % 
  1.3888889E-03 +/-    40.82483     %   4.6296295E-04 +/-    99.00000     % 
  4.6296295E-04 +/-    99.00000     %   4.6296295E-04 +/-    99.00000     % 
   0.000000     +/-    0.000000     %   4.6296295E-04 +/-    99.00000     % 
   0.000000     +/-    0.000000     %    0.000000     +/-    0.000000     % 
   0.000000     +/-    0.000000     %    0.000000     +/-    0.000000     % 
   0.000000     +/-    0.000000     %   4.6296295E-04 +/-    99.00000     % 
   0.000000     +/-    0.000000     %    0.000000     +/-    0.000000     % 
   0.000000     +/-    0.000000     %   4.6296295E-04 +/-    99.00000     % 
  4.6296295E-04 +/-    99.00000     %    0.000000     +/-    0.000000     % 
   0.000000     +/-    0.000000     %    0.000000     +/-    0.000000     % 
   0.000000     +/-    0.000000     %    0.000000     +/-    0.000000     % 
   0.000000     +/-    0.000000     %   4.6296295E-04 +/-    99.00000     % 
   0.000000     +/-    0.000000     %    0.000000     +/-    0.000000     % 
   0.000000     +/-    0.000000     %    0.000000     +/-    0.000000     % 
   0.000000     +/-    0.000000     %    0.000000     +/-    0.000000     % 
   0.000000     +/-    0.000000     %    0.000000     +/-    0.000000     % 
  9.2592591E-04 +/-    61.23724     %    0.000000     +/-    0.000000     % 
   0.000000     +/-    0.000000     %    0.000000     +/-    0.000000     % 
   0.000000     +/-    0.000000     %    0.000000     +/-    0.000000     % 
   0.000000     +/-    0.000000     %    0.000000     +/-    0.000000     % 
   0.000000     +/-    0.000000     %    0.000000     +/-    0.000000     % 
  4.6296295E-04 +/-    99.00000     %   4.6296295E-04 +/-    99.00000     % 
   0.000000     +/-    0.000000     %    0.000000     +/-    0.000000     % 
   0.000000     +/-    0.000000     %    0.000000     +/-    0.000000     % 
   0.000000     +/-    0.000000     %    0.000000     +/-    0.000000     % 
   0.000000     +/-    0.000000     %   4.6296295E-04 +/-    99.00000     % 
   0.000000     +/-    0.000000     %    0.000000     +/-    0.000000     % 
  4.6296295E-04 +/-    99.00000     %   4.6296295E-04 +/-    99.00000     % 
   0.000000     +/-    0.000000     %   4.6296295E-04 +/-    99.00000     % 
  4.6296295E-04 +/-    99.00000     %   4.6296295E-04 +/-    99.00000     % 
   0.000000     +/-    0.000000     %    0.000000     +/-    0.000000     % 
   0.000000     +/-    0.000000     %    0.000000     +/-    0.000000     % 
   0.000000     +/-    0.000000     %    0.000000     +/-    0.000000     % 
   0.000000     +/-    0.000000     %    0.000000     +/-    0.000000     % 
  4.6296295E-04 +/-    99.00000     %    0.000000     +/-    0.000000     % 
   0.000000     +/-    0.000000     %    0.000000     +/-    0.000000     % 
   0.000000     +/-    0.000000     %    0.000000     +/-    0.000000     % 
  4.6296295E-04 +/-    99.00000     %    0.000000     +/-    0.000000     % 
   0.000000     +/-    0.000000     %    0.000000     +/-    0.000000     % 
   0.000000     +/-    0.000000     %   4.6296295E-04 +/-    99.00000     % 
   0.000000     +/-    0.000000     %    0.000000     +/-    0.000000     % 
   0.000000     +/-    0.000000     %    0.000000     +/-    0.000000     % 
   0.000000     +/-    0.000000     %    0.000000     +/-    0.000000     % 
   0.000000     +/-    0.000000     %    0.000000     +/-    0.000000     % 
   0.000000     +/-    0.000000     %    0.000000     +/-    0.000000     % 
  4.6296295E-04 +/-    99.00000     %    0.000000     +/-    0.000000     % 
   0.000000     +/-    0.000000     %    0.000000     +/-    0.000000     % 
  4.6296295E-04 +/-    99.00000     %    0.000000     +/-    0.000000     % 
   0.000000     +/-    0.000000     %    0.000000     +/-    0.000000     % 
   0.000000     +/-    0.000000     %    0.000000     +/-    0.000000     % 
  4.6296295E-04 +/-    99.00000     %    0.000000     +/-    0.000000     % 
   0.000000     +/-    0.000000     %    0.000000     +/-    0.000000     % 
   0.000000     +/-    0.000000     %    0.000000     +/-    0.000000     % 
   0.000000     +/-    0.000000     %    0.000000     +/-    0.000000     % 
   0.000000     +/-    0.000000     %    0.000000     +/-    0.000000     % 
   0.000000     +/-    0.000000     %    0.000000     +/-    0.000000     % 
   0.000000     +/-    0.000000     %    0.000000     +/-    0.000000     % 
   0.000000     +/-    0.000000     %    0.000000     +/-    0.000000     % 
   0.000000     +/-    0.000000     %    0.000000     +/-    0.000000     % 
   0.000000     +/-    0.000000     %    0.000000     +/-    0.000000     % 
  4.6296295E-04 +/-    99.00000     %    0.000000     +/-    0.000000     % 
   0.000000     +/-    0.000000     %    0.000000     +/-    0.000000     % 
   0.000000     +/-    0.000000     %    0.000000     +/-    0.000000     % 

  Flux (Part/deg/GeV/cmq/pr):

   1.586183     +/-   3.0860431E-02 %   1.0912395E-02 +/-   0.6859564     % 
  1.3164431E-02 +/-    1.140523     %   1.3157601E-02 +/-    1.435085     % 
  1.2646975E-02 +/-    1.041042     %   1.0988082E-02 +/-    1.361310     % 
  8.3109988E-03 +/-    1.907192     %   3.1816999E-03 +/-    1.421088     % 
  8.9532847E-04 +/-    10.05626     %   8.0850051E-04 +/-    6.313258     % 
  6.8412576E-04 +/-    3.951031     %   6.1180250E-04 +/-    3.948769     % 
  6.6496176E-04 +/-    4.761904     %   4.4657313E-04 +/-    7.254763     % 
  5.7970674E-04 +/-    10.32622     %   4.7341772E-04 +/-    5.157106     % 
  3.5332446E-04 +/-    5.973558     %   4.6016244E-04 +/-    8.505080     % 
  3.1906381E-04 +/-    11.10698     %   4.2355669E-04 +/-    10.95445     % 
  3.2424004E-04 +/-    18.81367     %   3.7946278E-04 +/-    14.27786     % 
  3.0324882E-04 +/-    12.24745     %   2.7890212E-04 +/-    20.18434     % 
  2.9740861E-04 +/-    13.28723     %   2.4529762E-04 +/-    11.47079     % 
  2.7636226E-04 +/-    14.86904     %   2.3458897E-04 +/-    12.77753     % 
  2.1150656E-04 +/-    9.404761     %   2.0128670E-04 +/-    31.50977     % 
  1.7642589E-04 +/-    22.80351     %   1.7928083E-04 +/-    17.88854     % 
  2.2579172E-04 +/-    13.87472     %   2.0703849E-04 +/-    16.56003     % 
  1.5756706E-04 +/-    13.88322     %   1.2937954E-04 +/-    19.94803     % 
  1.5432799E-04 +/-    22.36068     %   1.0167006E-04 +/-    31.24630     % 
  1.2677982E-04 +/-    20.72890     %   9.6304211E-05 +/-    25.00000     % 
  9.7507917E-05 +/-    21.24591     %   1.1514599E-04 +/-    34.62629     % 
  1.2483835E-04 +/-    18.25742     %   1.1786925E-04 +/-    13.36306     % 
  6.8118228E-05 +/-    54.48624     %   9.4701580E-05 +/-    17.00753     % 
  7.8323719E-05 +/-    20.78699     %   1.1433518E-04 +/-    35.66776     % 
  9.7750439E-05 +/-    26.50433     %   8.9768335E-05 +/-    27.38613     % 
  8.1596991E-05 +/-    20.78699     %   1.0985913E-04 +/-    10.20621     % 
  9.2426460E-05 +/-    27.38613     %   1.2128364E-04 +/-    39.59858     % 
  4.7077734E-05 +/-    44.72136     %   4.7503880E-05 +/-    54.77225     % 
  1.9170440E-05 +/-    61.23724     %   6.7682297E-05 +/-    17.49636     % 
  1.9503670E-05 +/-    61.23724     %   2.9502131E-05 +/-    40.82483     % 
  1.9831088E-05 +/-    61.23724     %   3.9985418E-05 +/-    25.00000     % 
  4.0305964E-05 +/-    25.00000     %   3.0467907E-05 +/-    40.82483     % 
  1.0234805E-05 +/-    99.00000     %   3.0939034E-05 +/-    40.82483     % 
  6.2343635E-05 +/-    48.59127     %   8.3740793E-05 +/-    42.38956     % 
  3.1632018E-05 +/-    40.82483     %   1.0619838E-05 +/-    99.00000     % 
  6.4170643E-05 +/-    40.82483     %   2.1539656E-05 +/-    61.23724     % 
  3.2532025E-05 +/-    66.66666     %   3.2752985E-05 +/-    66.66666     % 
  2.1981594E-05 +/-    99.00000     %   1.1063426E-05 +/-    99.00000     % 
  2.2271113E-05 +/-    61.23724     %   2.2414401E-05 +/-    61.23724     % 
  2.2556731E-05 +/-    61.23724     %   2.2698123E-05 +/-    61.23724     % 
  1.1419297E-05 +/-    99.00000     %   1.1489081E-05 +/-    99.00000     % 
  1.1558421E-05 +/-    99.00000     %   3.4881974E-05 +/-    40.82483     % 
   0.000000     +/-    0.000000     %    0.000000     +/-    0.000000     % 
   0.000000     +/-    0.000000     %    0.000000     +/-    0.000000     % 
  3.5896694E-05 +/-    40.82483     %   3.6096018E-05 +/-    99.00000     % 
   0.000000     +/-    0.000000     %   1.2163737E-05 +/-    99.00000     % 
  1.2229038E-05 +/-    99.00000     %   3.6881913E-05 +/-    40.82483     % 
  3.7075628E-05 +/-    66.66666     %    0.000000     +/-    0.000000     % 
  1.2486619E-05 +/-    99.00000     %   1.2550136E-05 +/-    99.00000     % 
  2.5226627E-05 +/-    61.23724     %   1.2676154E-05 +/-    99.00000     % 
  1.2738665E-05 +/-    99.00000     %   2.5601699E-05 +/-    61.23724     % 
  1.2862714E-05 +/-    99.00000     %    0.000000     +/-    0.000000     % 
  1.2985498E-05 +/-    99.00000     %    0.000000     +/-    0.000000     % 
   0.000000     +/-    0.000000     %    0.000000     +/-    0.000000     % 
  1.3227409E-05 +/-    99.00000     %    0.000000     +/-    0.000000     % 
  1.3346604E-05 +/-    99.00000     %   1.3405774E-05 +/-    99.00000     % 
   0.000000     +/-    0.000000     %    0.000000     +/-    0.000000     % 
  1.3581623E-05 +/-    99.00000     %    0.000000     +/-    0.000000     % 
   0.000000     +/-    0.000000     %    0.000000     +/-    0.000000     % 
  4.1437026E-05 +/-    99.00000     %    0.000000     +/-    0.000000     % 
  1.3926156E-05 +/-    99.00000     %   1.3982687E-05 +/-    99.00000     % 
   0.000000     +/-    0.000000     %    0.000000     +/-    0.000000     % 
  4.2452444E-05 +/-    40.82483     %   1.4206379E-05 +/-    99.00000     % 
  1.4261708E-05 +/-    99.00000     %   1.4316805E-05 +/-    99.00000     % 
   0.000000     +/-    0.000000     %   1.4426314E-05 +/-    99.00000     % 
   0.000000     +/-    0.000000     %    0.000000     +/-    0.000000     % 
   0.000000     +/-    0.000000     %    0.000000     +/-    0.000000     % 
   0.000000     +/-    0.000000     %   1.4749537E-05 +/-    99.00000     % 
   0.000000     +/-    0.000000     %    0.000000     +/-    0.000000     % 
   0.000000     +/-    0.000000     %   1.4960790E-05 +/-    99.00000     % 
  1.5013095E-05 +/-    99.00000     %    0.000000     +/-    0.000000     % 
   0.000000     +/-    0.000000     %    0.000000     +/-    0.000000     % 
   0.000000     +/-    0.000000     %    0.000000     +/-    0.000000     % 
   0.000000     +/-    0.000000     %   1.5373776E-05 +/-    99.00000     % 
   0.000000     +/-    0.000000     %    0.000000     +/-    0.000000     % 
   0.000000     +/-    0.000000     %    0.000000     +/-    0.000000     % 
   0.000000     +/-    0.000000     %    0.000000     +/-    0.000000     % 
   0.000000     +/-    0.000000     %    0.000000     +/-    0.000000     % 
  3.1648495E-05 +/-    61.23724     %    0.000000     +/-    0.000000     % 
   0.000000     +/-    0.000000     %    0.000000     +/-    0.000000     % 
   0.000000     +/-    0.000000     %    0.000000     +/-    0.000000     % 
   0.000000     +/-    0.000000     %    0.000000     +/-    0.000000     % 
   0.000000     +/-    0.000000     %    0.000000     +/-    0.000000     % 
  1.6308662E-05 +/-    99.00000     %   1.6356227E-05 +/-    99.00000     % 
   0.000000     +/-    0.000000     %    0.000000     +/-    0.000000     % 
   0.000000     +/-    0.000000     %    0.000000     +/-    0.000000     % 
   0.000000     +/-    0.000000     %    0.000000     +/-    0.000000     % 
   0.000000     +/-    0.000000     %   1.6731316E-05 +/-    99.00000     % 
   0.000000     +/-    0.000000     %    0.000000     +/-    0.000000     % 
  1.6869568E-05 +/-    99.00000     %   1.6915370E-05 +/-    99.00000     % 
   0.000000     +/-    0.000000     %   1.7006560E-05 +/-    99.00000     % 
  1.7051947E-05 +/-    99.00000     %   1.7097200E-05 +/-    99.00000     % 
   0.000000     +/-    0.000000     %    0.000000     +/-    0.000000     % 
   0.000000     +/-    0.000000     %    0.000000     +/-    0.000000     % 
   0.000000     +/-    0.000000     %    0.000000     +/-    0.000000     % 
   0.000000     +/-    0.000000     %    0.000000     +/-    0.000000     % 
  1.7498536E-05 +/-    99.00000     %    0.000000     +/-    0.000000     % 
   0.000000     +/-    0.000000     %    0.000000     +/-    0.000000     % 
   0.000000     +/-    0.000000     %    0.000000     +/-    0.000000     % 
  1.7760396E-05 +/-    99.00000     %    0.000000     +/-    0.000000     % 
   0.000000     +/-    0.000000     %    0.000000     +/-    0.000000     % 
   0.000000     +/-    0.000000     %   1.7975297E-05 +/-    99.00000     % 
   0.000000     +/-    0.000000     %    0.000000     +/-    0.000000     % 
   0.000000     +/-    0.000000     %    0.000000     +/-    0.000000     % 
   0.000000     +/-    0.000000     %    0.000000     +/-    0.000000     % 
   0.000000     +/-    0.000000     %    0.000000     +/-    0.000000     % 
   0.000000     +/-    0.000000     %    0.000000     +/-    0.000000     % 
  1.8438021E-05 +/-    99.00000     %    0.000000     +/-    0.000000     % 
   0.000000     +/-    0.000000     %    0.000000     +/-    0.000000     % 
  1.8603010E-05 +/-    99.00000     %    0.000000     +/-    0.000000     % 
   0.000000     +/-    0.000000     %    0.000000     +/-    0.000000     % 
   0.000000     +/-    0.000000     %    0.000000     +/-    0.000000     % 
  1.8847370E-05 +/-    99.00000     %    0.000000     +/-    0.000000     % 
   0.000000     +/-    0.000000     %    0.000000     +/-    0.000000     % 
   0.000000     +/-    0.000000     %    0.000000     +/-    0.000000     % 
   0.000000     +/-    0.000000     %    0.000000     +/-    0.000000     % 
   0.000000     +/-    0.000000     %    0.000000     +/-    0.000000     % 
   0.000000     +/-    0.000000     %    0.000000     +/-    0.000000     % 
   0.000000     +/-    0.000000     %    0.000000     +/-    0.000000     % 
   0.000000     +/-    0.000000     %    0.000000     +/-    0.000000     % 
   0.000000     +/-    0.000000     %    0.000000     +/-    0.000000     % 
   0.000000     +/-    0.000000     %    0.000000     +/-    0.000000     % 
  1.9636498E-05 +/-    99.00000     %    0.000000     +/-    0.000000     % 
   0.000000     +/-    0.000000     %    0.000000     +/-    0.000000     % 
   0.000000     +/-    0.000000     %    0.000000     +/-    0.000000     % 
