  **** collimator3_usrbdx_48 ****

  
 Cu collimator 72 MeV proton                                                     

  Total primaries run:         5000000
   Total weight of the primaries run:  5000000.


  Detector n:  1( 1)  piCurrUD  
     (Area:           1. cmq,
      distr. scored: 1   ,
      from reg. 4 to  2,
      one way scoring,
      current scoring)

     Tot. resp. (Part/cmq/pr)  0.1673694      +/-  5.0910510E-02 %
     ( -->      (Part/pr)      0.1673694      +/-  5.0910510E-02 % )

  **** Different. Fluxes as a function of energy ****
  ****      (integrated over solid angle)        ****


  Energy boundaries (GeV):

  7.2000004E-02  7.1500003E-02  7.1000002E-02  7.0500001E-02  7.0000000E-02
  6.9500007E-02  6.9000006E-02  6.8500005E-02  6.8000004E-02  6.7500003E-02
  6.7000002E-02  6.6500001E-02  6.6000000E-02  6.5500006E-02  6.5000005E-02
  6.4500004E-02  6.4000003E-02  6.3500002E-02  6.3000001E-02  6.2500000E-02
  6.2000003E-02  6.1500002E-02  6.1000004E-02  6.0500003E-02  6.0000002E-02
  5.9500001E-02  5.9000004E-02  5.8500003E-02  5.8000002E-02  5.7500001E-02
  5.7000004E-02  5.6500003E-02  5.6000002E-02  5.5500004E-02  5.5000003E-02
  5.4500002E-02  5.4000001E-02  5.3500004E-02  5.3000003E-02  5.2500002E-02
  5.2000001E-02  5.1500004E-02  5.1000003E-02  5.0500002E-02  5.0000001E-02
  4.9500003E-02  4.9000002E-02  4.8500001E-02  4.8000000E-02  4.7500003E-02
  4.7000002E-02  4.6500001E-02  4.6000004E-02  4.5500003E-02  4.5000002E-02
  4.4500001E-02  4.4000003E-02  4.3500002E-02  4.3000001E-02  4.2500000E-02
  4.2000003E-02  4.1500002E-02  4.1000001E-02  4.0500000E-02  4.0000003E-02
  3.9500002E-02  3.9000001E-02  3.8500004E-02  3.8000003E-02  3.7500001E-02
  3.7000000E-02  3.6500003E-02  3.6000002E-02  3.5500001E-02  3.5000000E-02
  3.4500003E-02  3.4000002E-02  3.3500001E-02  3.3000000E-02  3.2500003E-02
  3.2000002E-02  3.1500001E-02  3.1000001E-02  3.0500002E-02  3.0000001E-02
  2.9500002E-02  2.9000001E-02  2.8500002E-02  2.8000001E-02  2.7500002E-02
  2.7000001E-02  2.6500002E-02  2.6000001E-02  2.5500001E-02  2.5000000E-02
  2.4500001E-02  2.4000000E-02  2.3500001E-02  2.3000002E-02  2.2500001E-02
  2.2000002E-02  2.1500001E-02  2.1000002E-02  2.0500001E-02  2.0000001E-02
  1.9500000E-02  1.9000001E-02  1.8500000E-02  1.8000001E-02  1.7500000E-02
  1.7000001E-02  1.6500000E-02  1.6000001E-02  1.5500001E-02  1.5000001E-02
  1.4500001E-02  1.4000000E-02  1.3500000E-02  1.3000000E-02  1.2500000E-02
  1.2000000E-02  1.1500001E-02  1.1000001E-02  1.0500001E-02  1.0000001E-02
  9.5000006E-03  9.0000005E-03  8.5000005E-03  8.0000004E-03  7.5000003E-03
  7.0000002E-03  6.5000001E-03  6.0000001E-03  5.5000004E-03  5.0000004E-03
  4.5000003E-03  4.0000002E-03  3.5000001E-03  3.0000000E-03  2.5000002E-03
  2.0000001E-03  1.5000000E-03  1.0000000E-03  5.0000002E-04
  Lowest boundary   (GeV):   0.000000    

  Flux (Part/GeV/cmq/pr):

   329.4032     +/-   4.7063272E-02 %   2.7600002E-02 +/-    8.992517     % 
  3.2800000E-02 +/-    15.13375     %   6.4800002E-02 +/-    4.840861     % 
  6.8000004E-02 +/-    7.204382     %   7.2400004E-02 +/-    7.977641     % 
  8.3600000E-02 +/-    9.758890     %   8.4400006E-02 +/-    5.104422     % 
  7.2000004E-02 +/-    7.607258     %   7.4400000E-02 +/-    6.551644     % 
  0.1076000     +/-    5.399940     %   9.9200003E-02 +/-    5.723819     % 
  0.1100000     +/-    5.947428     %   0.1056000     +/-    7.246639     % 
  9.6799999E-02 +/-    6.650197     %   9.6800007E-02 +/-    7.204791     % 
  8.9600004E-02 +/-    4.961185     %   8.5200004E-02 +/-    7.555623     % 
  9.0400003E-02 +/-    5.993902     %   8.1600003E-02 +/-    4.130465     % 
  5.1600002E-02 +/-    6.297703     %   6.7600004E-02 +/-    5.721622     % 
  9.1600001E-02 +/-    9.091992     %   9.3599997E-02 +/-    5.547331     % 
  8.7200001E-02 +/-    2.574534     %   7.7600002E-02 +/-    6.066290     % 
  7.5199999E-02 +/-    5.802507     %   8.1600003E-02 +/-    11.79021     % 
  7.1600005E-02 +/-    5.544536     %   7.8000002E-02 +/-    9.029136     % 
  7.0400000E-02 +/-    11.30667     %   7.1600005E-02 +/-    5.819180     % 
  6.6799998E-02 +/-    8.759725     %   6.5600000E-02 +/-    13.30331     % 
  6.6399999E-02 +/-    6.274901     %   6.0400002E-02 +/-    4.843953     % 
  6.3200004E-02 +/-    8.408437     %   5.2400000E-02 +/-    7.181254     % 
  5.1600002E-02 +/-    10.92171     %   5.3600002E-02 +/-    7.773383     % 
  4.5600001E-02 +/-    7.647191     %   4.2400002E-02 +/-    12.77945     % 
  3.8800001E-02 +/-    11.82201     %   4.0400002E-02 +/-    11.33220     % 
  2.7600002E-02 +/-    7.737013     %   4.9600001E-02 +/-    6.426362     % 
  4.9600001E-02 +/-    10.62253     %   5.3200003E-02 +/-    5.651615     % 
  4.7600001E-02 +/-    11.38338     %   4.0800001E-02 +/-    8.850721     % 
  4.4400003E-02 +/-    8.108109     %   5.4000001E-02 +/-    8.445744     % 
  4.7200002E-02 +/-    10.08083     %   3.9600000E-02 +/-    14.05094     % 
  5.4800000E-02 +/-    8.209651     %   4.0000003E-02 +/-    16.27882     % 
  4.2400002E-02 +/-    7.059731     %   3.4800000E-02 +/-    9.195403     % 
  3.7200000E-02 +/-    8.259296     %   4.0400002E-02 +/-    11.65208     % 
  3.6000002E-02 +/-    17.12337     %   3.2400001E-02 +/-    9.837887     % 
  3.0800002E-02 +/-    7.846134     %   2.9600002E-02 +/-    14.07613     % 
  2.4000000E-02 +/-    9.860133     %   2.6400002E-02 +/-    8.436007     % 
  3.6000002E-02 +/-    7.243558     %   3.4800000E-02 +/-    13.67285     % 
  3.3200003E-02 +/-    7.025244     %   3.3199999E-02 +/-    11.36624     % 
  2.5600001E-02 +/-    8.699632     %   3.4800000E-02 +/-    14.94253     % 
  2.4000002E-02 +/-    15.81139     %   3.3600003E-02 +/-    10.54765     % 
  2.8400000E-02 +/-    16.27355     %   2.9600000E-02 +/-    9.165310     % 
  3.3200003E-02 +/-    7.991867     %   2.9200001E-02 +/-    9.341220     % 
  2.4000000E-02 +/-    12.07615     %   2.1200001E-02 +/-    14.49273     % 
  2.0800000E-02 +/-    13.11364     %   2.4000002E-02 +/-    10.86534     % 
  2.3200002E-02 +/-    10.41642     %   2.5200002E-02 +/-    6.447649     % 
  2.1600001E-02 +/-    11.85764     %   1.9200001E-02 +/-    10.72462     % 
  3.0000001E-02 +/-    11.73788     %   2.1600001E-02 +/-    20.78699     % 
  1.6800001E-02 +/-    12.82182     %   2.2000002E-02 +/-    11.13404     % 
  2.1200001E-02 +/-    15.09434     %   2.2400001E-02 +/-    13.65809     % 
  1.8000001E-02 +/-    22.22222     %   2.0800000E-02 +/-    20.75676     % 
  1.9200001E-02 +/-    7.064928     %   2.4400001E-02 +/-    5.437089     % 
  1.7600000E-02 +/-    8.350533     %   2.1200001E-02 +/-    16.23080     % 
  1.8000001E-02 +/-    18.92154     %   1.1600001E-02 +/-    26.93190     % 
  2.2000002E-02 +/-    10.36523     %   2.0400001E-02 +/-    5.716619     % 
  1.8000001E-02 +/-    9.296223     %   2.0400001E-02 +/-    12.55515     % 
  1.9600000E-02 +/-    20.25452     %   1.5200000E-02 +/-    17.94498     % 
  1.6400000E-02 +/-    16.54227     %   2.2000002E-02 +/-    12.85649     % 
  1.4800001E-02 +/-    16.87837     %   2.1200001E-02 +/-    9.712859     % 
  1.6400000E-02 +/-    19.04939     %   1.4000000E-02 +/-    18.62629     % 
  1.3200001E-02 +/-    15.59944     %   1.4400001E-02 +/-    14.82928     % 
  1.4800000E-02 +/-    3.310120     %   1.1600001E-02 +/-    15.80199     % 
  1.4000000E-02 +/-    7.824607     %   1.1200001E-02 +/-    14.50721     % 
  1.4400001E-02 +/-    16.07755     %   1.2400000E-02 +/-    13.87472     % 
  1.1600001E-02 +/-    6.451133     %   1.0800000E-02 +/-    23.85944     % 
  9.6000005E-03 +/-    21.24591     %   1.3600000E-02 +/-    8.574928     % 
  7.2000003E-03 +/-    18.83981     %   3.2000002E-03 +/-    37.50000     % 
  5.2000000E-03 +/-    39.59858     %   7.2000003E-03 +/-    11.11111     % 
  6.4000003E-03 +/-    6.249999     %   5.6000003E-03 +/-    23.69018     % 
  7.6000001E-03 +/-    26.83695     %   7.2000003E-03 +/-    18.83981     % 
  6.3999998E-03 +/-    15.30931     %   6.8000001E-03 +/-    30.28127     % 
  6.4000003E-03 +/-    26.88227     %   6.4000003E-03 +/-    30.29800     % 
  6.4000003E-03 +/-    34.79853     %   6.0000001E-03 +/-    10.54093     % 
  6.8000001E-03 +/-    14.99712     %   1.0000001E-02 +/-    20.97618     % 
  7.2000003E-03 +/-    31.18048     %   3.5999999E-03 +/-    36.85139     % 
  8.4000006E-03 +/-    24.28105     %   1.0000001E-02 +/-    12.64911     % 


  **** Cumulative Fluxes as a function of energy ****
  ****      (integrated over solid angle)        ****


  Energy boundaries (GeV):

  7.2000004E-02  7.1500003E-02  7.1000002E-02  7.0500001E-02  7.0000000E-02
  6.9500007E-02  6.9000006E-02  6.8500005E-02  6.8000004E-02  6.7500003E-02
  6.7000002E-02  6.6500001E-02  6.6000000E-02  6.5500006E-02  6.5000005E-02
  6.4500004E-02  6.4000003E-02  6.3500002E-02  6.3000001E-02  6.2500000E-02
  6.2000003E-02  6.1500002E-02  6.1000004E-02  6.0500003E-02  6.0000002E-02
  5.9500001E-02  5.9000004E-02  5.8500003E-02  5.8000002E-02  5.7500001E-02
  5.7000004E-02  5.6500003E-02  5.6000002E-02  5.5500004E-02  5.5000003E-02
  5.4500002E-02  5.4000001E-02  5.3500004E-02  5.3000003E-02  5.2500002E-02
  5.2000001E-02  5.1500004E-02  5.1000003E-02  5.0500002E-02  5.0000001E-02
  4.9500003E-02  4.9000002E-02  4.8500001E-02  4.8000000E-02  4.7500003E-02
  4.7000002E-02  4.6500001E-02  4.6000004E-02  4.5500003E-02  4.5000002E-02
  4.4500001E-02  4.4000003E-02  4.3500002E-02  4.3000001E-02  4.2500000E-02
  4.2000003E-02  4.1500002E-02  4.1000001E-02  4.0500000E-02  4.0000003E-02
  3.9500002E-02  3.9000001E-02  3.8500004E-02  3.8000003E-02  3.7500001E-02
  3.7000000E-02  3.6500003E-02  3.6000002E-02  3.5500001E-02  3.5000000E-02
  3.4500003E-02  3.4000002E-02  3.3500001E-02  3.3000000E-02  3.2500003E-02
  3.2000002E-02  3.1500001E-02  3.1000001E-02  3.0500002E-02  3.0000001E-02
  2.9500002E-02  2.9000001E-02  2.8500002E-02  2.8000001E-02  2.7500002E-02
  2.7000001E-02  2.6500002E-02  2.6000001E-02  2.5500001E-02  2.5000000E-02
  2.4500001E-02  2.4000000E-02  2.3500001E-02  2.3000002E-02  2.2500001E-02
  2.2000002E-02  2.1500001E-02  2.1000002E-02  2.0500001E-02  2.0000001E-02
  1.9500000E-02  1.9000001E-02  1.8500000E-02  1.8000001E-02  1.7500000E-02
  1.7000001E-02  1.6500000E-02  1.6000001E-02  1.5500001E-02  1.5000001E-02
  1.4500001E-02  1.4000000E-02  1.3500000E-02  1.3000000E-02  1.2500000E-02
  1.2000000E-02  1.1500001E-02  1.1000001E-02  1.0500001E-02  1.0000001E-02
  9.5000006E-03  9.0000005E-03  8.5000005E-03  8.0000004E-03  7.5000003E-03
  7.0000002E-03  6.5000001E-03  6.0000001E-03  5.5000004E-03  5.0000004E-03
  4.5000003E-03  4.0000002E-03  3.5000001E-03  3.0000000E-03  2.5000002E-03
  2.0000001E-03  1.5000000E-03  1.0000000E-03  5.0000002E-04
  Lowest boundary   (GeV):   0.000000    

  Cumul. Flux (Part/cmq/pr):

  0.1647016     +/-   4.7063272E-02 %   0.1647154     +/-   4.7038570E-02 % 
  0.1647318     +/-   4.8259281E-02 %   0.1647642     +/-   4.8576206E-02 % 
  0.1647982     +/-   4.7360152E-02 %   0.1648344     +/-   4.8427720E-02 % 
  0.1648762     +/-   4.9776006E-02 %   0.1649184     +/-   4.8743278E-02 % 
  0.1649544     +/-   4.8832461E-02 %   0.1649916     +/-   4.8839506E-02 % 
  0.1650454     +/-   4.8947480E-02 %   0.1650950     +/-   5.0095860E-02 % 
  0.1651500     +/-   5.0460279E-02 %   0.1652028     +/-   5.2387647E-02 % 
  0.1652512     +/-   5.1278878E-02 %   0.1652996     +/-   5.2241582E-02 % 
  0.1653444     +/-   5.2329928E-02 %   0.1653870     +/-   5.1157735E-02 % 
  0.1654322     +/-   5.1671986E-02 %   0.1654730     +/-   5.1172197E-02 % 
  0.1654988     +/-   5.2111074E-02 %   0.1655326     +/-   5.1995330E-02 % 
  0.1655784     +/-   4.9964823E-02 %   0.1656252     +/-   5.0169107E-02 % 
  0.1656688     +/-   5.0291192E-02 %   0.1657076     +/-   5.0244708E-02 % 
  0.1657452     +/-   4.9488593E-02 %   0.1657860     +/-   4.8643045E-02 % 
  0.1658218     +/-   4.9085997E-02 %   0.1658608     +/-   4.9323428E-02 % 
  0.1658960     +/-   5.0281096E-02 %   0.1659318     +/-   4.9536794E-02 % 
  0.1659652     +/-   5.0203174E-02 %   0.1659980     +/-   4.9763601E-02 % 
  0.1660312     +/-   4.9841579E-02 %   0.1660614     +/-   4.9191009E-02 % 
  0.1660930     +/-   4.9244791E-02 %   0.1661192     +/-   4.8738595E-02 % 
  0.1661450     +/-   4.7766462E-02 %   0.1661718     +/-   4.6549704E-02 % 
  0.1661946     +/-   4.7288455E-02 %   0.1662158     +/-   4.6253026E-02 % 
  0.1662352     +/-   4.6719786E-02 %   0.1662554     +/-   4.7814123E-02 % 
  0.1662692     +/-   4.7850154E-02 %   0.1662940     +/-   4.8309956E-02 % 
  0.1663188     +/-   4.8060540E-02 %   0.1663454     +/-   4.7847167E-02 % 
  0.1663692     +/-   4.8204370E-02 %   0.1663896     +/-   4.8264060E-02 % 
  0.1664118     +/-   4.7436818E-02 %   0.1664388     +/-   4.6372369E-02 % 
  0.1664624     +/-   4.5980938E-02 %   0.1664822     +/-   4.7268920E-02 % 
  0.1665096     +/-   4.6112444E-02 %   0.1665296     +/-   4.7321498E-02 % 
  0.1665508     +/-   4.7803931E-02 %   0.1665682     +/-   4.8672054E-02 % 
  0.1665868     +/-   4.9554799E-02 %   0.1666070     +/-   4.9819093E-02 % 
  0.1666250     +/-   4.8962295E-02 %   0.1666412     +/-   4.8111476E-02 % 
  0.1666566     +/-   4.7838040E-02 %   0.1666714     +/-   4.6736401E-02 % 
  0.1666834     +/-   4.6667535E-02 %   0.1666966     +/-   4.6448961E-02 % 
  0.1667146     +/-   4.6802018E-02 %   0.1667320     +/-   4.6390429E-02 % 
  0.1667486     +/-   4.6530806E-02 %   0.1667652     +/-   4.6300273E-02 % 
  0.1667780     +/-   4.6794370E-02 %   0.1667954     +/-   4.8177265E-02 % 
  0.1668074     +/-   4.7694694E-02 %   0.1668242     +/-   4.8071411E-02 % 
  0.1668384     +/-   4.8200633E-02 %   0.1668532     +/-   4.8064929E-02 % 
  0.1668698     +/-   4.8012666E-02 %   0.1668844     +/-   4.7719736E-02 % 
  0.1668964     +/-   4.7183655E-02 %   0.1669070     +/-   4.7953192E-02 % 
  0.1669174     +/-   4.8645627E-02 %   0.1669294     +/-   4.9138691E-02 % 
  0.1669410     +/-   4.9407419E-02 %   0.1669536     +/-   4.9809266E-02 % 
  0.1669644     +/-   5.0131593E-02 %   0.1669740     +/-   4.9960785E-02 % 
  0.1669890     +/-   5.0893623E-02 %   0.1669998     +/-   5.1729046E-02 % 
  0.1670082     +/-   5.2036032E-02 %   0.1670192     +/-   5.2607112E-02 % 
  0.1670298     +/-   5.2690912E-02 %   0.1670410     +/-   5.2565005E-02 % 
  0.1670500     +/-   5.2547861E-02 %   0.1670604     +/-   5.3310100E-02 % 
  0.1670700     +/-   5.3543888E-02 %   0.1670822     +/-   5.3203862E-02 % 
  0.1670910     +/-   5.2832738E-02 %   0.1671016     +/-   5.2869916E-02 % 
  0.1671106     +/-   5.2520838E-02 %   0.1671164     +/-   5.2050937E-02 % 
  0.1671274     +/-   5.2148879E-02 %   0.1671376     +/-   5.2387465E-02 % 
  0.1671466     +/-   5.1937580E-02 %   0.1671568     +/-   5.1425003E-02 % 
  0.1671666     +/-   5.2134946E-02 %   0.1671742     +/-   5.2321255E-02 % 
  0.1671824     +/-   5.2511588E-02 %   0.1671934     +/-   5.2614991E-02 % 
  0.1672008     +/-   5.2924410E-02 %   0.1672114     +/-   5.2622922E-02 % 
  0.1672196     +/-   5.2691642E-02 %   0.1672266     +/-   5.2513365E-02 % 
  0.1672332     +/-   5.2384418E-02 %   0.1672404     +/-   5.2324522E-02 % 
  0.1672478     +/-   5.2402020E-02 %   0.1672536     +/-   5.2422442E-02 % 
  0.1672606     +/-   5.2341092E-02 %   0.1672662     +/-   5.2070543E-02 % 
  0.1672734     +/-   5.2090671E-02 %   0.1672796     +/-   5.1803246E-02 % 
  0.1672854     +/-   5.1736563E-02 %   0.1672908     +/-   5.1785223E-02 % 
  0.1672956     +/-   5.1239662E-02 %   0.1673024     +/-   5.1276263E-02 % 
  0.1673060     +/-   5.1124588E-02 %   0.1673076     +/-   5.1045284E-02 % 
  0.1673102     +/-   5.1293656E-02 %   0.1673138     +/-   5.1217284E-02 % 
  0.1673170     +/-   5.1281333E-02 %   0.1673198     +/-   5.1085558E-02 % 
  0.1673236     +/-   5.1446065E-02 %   0.1673272     +/-   5.1234800E-02 % 
  0.1673304     +/-   5.1248178E-02 %   0.1673338     +/-   5.1094573E-02 % 
  0.1673370     +/-   5.1069338E-02 %   0.1673402     +/-   5.1049266E-02 % 
  0.1673434     +/-   5.1164340E-02 %   0.1673464     +/-   5.1243272E-02 % 
  0.1673498     +/-   5.1238324E-02 %   0.1673548     +/-   5.0820481E-02 % 
  0.1673584     +/-   5.0361443E-02 %   0.1673602     +/-   5.0365087E-02 % 
  0.1673644     +/-   5.0902214E-02 %   0.1673694     +/-   5.0910510E-02 % 
