\BOOKMARK [1][-]{section.1}{Introduction}{}
\BOOKMARK [2][-]{subsection.1.1}{Short Range Wakefields}{section.1}
\BOOKMARK [2][-]{subsection.1.2}{OPAL}{section.1}
\BOOKMARK [2][-]{subsection.1.3}{Importance of Wakefields in PSI Simulations}{section.1}
\BOOKMARK [1][-]{section.2}{Wakefield Calculation}{}
\BOOKMARK [2][-]{subsection.2.1}{Analytical Computation of Wakefields}{section.2}
\BOOKMARK [2][-]{subsection.2.2}{Numerical Computation of Wakefields}{section.2}
\BOOKMARK [2][-]{subsection.2.3}{Using other Wakefields}{section.2}
\BOOKMARK [2][-]{subsection.2.4}{Calculate the Force on the Particles}{section.2}
\BOOKMARK [1][-]{section.3}{Build a Prototype}{}
\BOOKMARK [2][-]{subsection.3.1}{Why a Prototype}{section.3}
\BOOKMARK [2][-]{subsection.3.2}{Approach}{section.3}
\BOOKMARK [2][-]{subsection.3.3}{Functionality of the Prototype}{section.3}
\BOOKMARK [2][-]{subsection.3.4}{Documentation}{section.3}
\BOOKMARK [1][-]{section.4}{Validation of the Prototype}{}
\BOOKMARK [2][-]{subsection.4.1}{Comparison with the Mathematica code}{section.4}
\BOOKMARK [1][-]{section.5}{Implementation in OPAL}{}
\BOOKMARK [2][-]{subsection.5.1}{Parallelism}{section.5}
\BOOKMARK [2][-]{subsection.5.2}{Units}{section.5}
\BOOKMARK [2][-]{subsection.5.3}{One of the Challenges}{section.5}
\BOOKMARK [2][-]{subsection.5.4}{Documentation}{section.5}
\BOOKMARK [2][-]{subsection.5.5}{Parameters of the Wakefield}{section.5}
\BOOKMARK [2][-]{subsection.5.6}{Add Wakefunction to a Unit in OPAL}{section.5}
\BOOKMARK [1][-]{section.6}{Validation in OPAL}{}
\BOOKMARK [2][-]{subsection.6.1}{Comparison with the Prototype}{section.6}
\BOOKMARK [1][-]{section.7}{Summary}{}
\BOOKMARK [2][-]{subsection.7.1}{Outlook}{section.7}
